<?xml version="1.0" encoding="UTF-8"?>
<testsuite xmlns:xsi="http://www.w3.org/2001/XMLSchema-instance" xsi:noNamespaceSchemaLocation="https://maven.apache.org/surefire/maven-surefire-plugin/xsd/surefire-test-report-3.0.xsd" version="3.0" name="com.emiteai.cadastro.service.PessoaServiceTest" time="0.423" tests="3" errors="0" skipped="0" failures="0">
  <properties>
[...]
</properties>
  <testcase name="cadastrarPessoa_QuandoCpfNaoExiste_DeveRetornarCreated" classname="com.emiteai.cadastro.service.PessoaServiceTest" time="0.4"/>
  <testcase name="cadastrarPessoa_QuandoCpfExiste_DeveRetornarConflict" classname="com.emiteai.cadastro.service.PessoaServiceTest" time="0.01"/>
  <testcase name="cadastrarPessoa_QuandoErroAoSalvar_DeveRetornarInternalServerError" classname="com.emiteai.cadastro.service.PessoaServiceTest" time="0.007"/>
</testsuite>